0 info it worked if it ends with ok
1 verbose cli [ 'c:\\Dev\\node\\node.exe',
1 verbose cli   'c:\\Dev\\node\\node_modules\\npm\\bin\\npm-cli.js',
1 verbose cli   'install',
1 verbose cli   'node-http-proxy' ]
2 info using npm@1.3.5
3 info using node@v0.10.15
4 verbose cache add [ 'node-http-proxy', null ]
5 verbose cache add name=undefined spec="node-http-proxy" args=["node-http-proxy",null]
6 verbose parsed url { protocol: null,
6 verbose parsed url   slashes: null,
6 verbose parsed url   auth: null,
6 verbose parsed url   host: null,
6 verbose parsed url   port: null,
6 verbose parsed url   hostname: null,
6 verbose parsed url   hash: null,
6 verbose parsed url   search: null,
6 verbose parsed url   query: null,
6 verbose parsed url   pathname: 'node-http-proxy',
6 verbose parsed url   path: 'node-http-proxy',
6 verbose parsed url   href: 'node-http-proxy' }
7 silly lockFile a959cfe6-node-http-proxy node-http-proxy
8 verbose lock node-http-proxy C:\Users\benjamin.hron\AppData\Roaming\npm-cache\a959cfe6-node-http-proxy.lock
9 silly lockFile a959cfe6-node-http-proxy node-http-proxy
10 silly lockFile a959cfe6-node-http-proxy node-http-proxy
11 verbose addNamed [ 'node-http-proxy', '' ]
12 verbose addNamed [ null, '*' ]
13 silly lockFile 59ea8b07-node-http-proxy node-http-proxy@
14 verbose lock node-http-proxy@ C:\Users\benjamin.hron\AppData\Roaming\npm-cache\59ea8b07-node-http-proxy.lock
15 silly addNameRange { name: 'node-http-proxy', range: '*', hasData: false }
16 verbose url raw node-http-proxy
17 verbose url resolving [ 'https://registry.npmjs.org/', './node-http-proxy' ]
18 verbose url resolved https://registry.npmjs.org/node-http-proxy
19 info trying registry request attempt 1 at 14:43:46
20 http GET https://registry.npmjs.org/node-http-proxy
21 http 404 https://registry.npmjs.org/node-http-proxy
22 silly registry.get cb [ 404,
22 silly registry.get   { date: 'Thu, 22 May 2014 18:44:17 GMT',
22 silly registry.get     server: 'CouchDB/1.5.0 (Erlang OTP/R14B04)',
22 silly registry.get     'content-type': 'application/json',
22 silly registry.get     via: '1.1 varnish',
22 silly registry.get     'cache-control': 'max-age=0',
22 silly registry.get     'content-length': '52',
22 silly registry.get     'accept-ranges': 'bytes',
22 silly registry.get     age: '0',
22 silly registry.get     'x-served-by': 'cache-v37-ASH, cache-iad2134-IAD',
22 silly registry.get     'x-cache': 'MISS, MISS',
22 silly registry.get     'x-cache-hits': '0, 0',
22 silly registry.get     'x-timer': 'S1400784257.794043541,VS0,VS1,VE99,VE99',
22 silly registry.get     'keep-alive': 'timeout=10, max=50',
22 silly registry.get     connection: 'Keep-Alive' } ]
23 silly lockFile 59ea8b07-node-http-proxy node-http-proxy@
24 silly lockFile 59ea8b07-node-http-proxy node-http-proxy@
25 error 404 'node-http-proxy' is not in the npm registry.
25 error 404 You should bug the author to publish it
25 error 404
25 error 404 Maybe try 'npm search http proxy'
25 error 404
25 error 404 Note that you can also install from a
25 error 404 tarball, folder, or http url, or git url.
26 error System Windows_NT 6.1.7601
27 error command "c:\\Dev\\node\\node.exe" "c:\\Dev\\node\\node_modules\\npm\\bin\\npm-cli.js" "install" "node-http-proxy"
28 error cwd c:\Dev\Sites\EnterpriseSelfService\ESS.App
29 error node -v v0.10.15
30 error npm -v 1.3.5
31 error code E404
32 verbose exit [ 1, true ]
